-------------------------------------------------------------------------------
Test set: com.bootcamp.bankCredit.BankCreditApplicationTests
-------------------------------------------------------------------------------
Tests run: 1, Failures: 0, Errors: 1, Skipped: 0, Time elapsed: 31.359 s <<< FAILURE! - in com.bootcamp.bankCredit.BankCreditApplicationTests
contextLoads  Time elapsed: 0.003 s  <<< ERROR!
java.lang.IllegalStateException: Failed to load ApplicationContext
Caused by: org.springframework.beans.factory.BeanCreationException: Error creating bean with name 'bankCreditApplication': Injection of autowired dependencies failed; nested exception is java.lang.IllegalArgumentException: Could not resolve placeholder 'microservice-client.uri' in value "${microservice-client.uri}"
Caused by: java.lang.IllegalArgumentException: Could not resolve placeholder 'microservice-client.uri' in value "${microservice-client.uri}"

